ebm-mars> build (lib + exe) with ghc-9.4.8
Preprocessing library for ebm-mars-0.1.0.0..
Building library for ebm-mars-0.1.0.0..
[10 of 11] Compiling Verification

/home/takeru/git/EBM-on-Mars/haskell-migration/ebm-mars/src/Verification.hs:20:1: warning: [-Wunused-imports]
    The import of ‘System.FilePath’ is redundant
      except perhaps to import instances from ‘System.FilePath’
    To import instances alone, use: import System.FilePath()
   |
20 | import System.FilePath ((</>))
   | ^^^^^^^^^^^^^^^^^^^^^^^^^^^^^^

/home/takeru/git/EBM-on-Mars/haskell-migration/ebm-mars/src/Verification.hs:21:1: warning: [-Wunused-imports]
    The import of ‘Text.Printf’ is redundant
      except perhaps to import instances from ‘Text.Printf’
    To import instances alone, use: import Text.Printf()
   |
21 | import Text.Printf (printf)
   | ^^^^^^^^^^^^^^^^^^^^^^^^^^^

/home/takeru/git/EBM-on-Mars/haskell-migration/ebm-mars/src/Verification.hs:22:1: warning: [-Wunused-imports]
    The import of ‘Text.Read’ is redundant
      except perhaps to import instances from ‘Text.Read’
    To import instances alone, use: import Text.Read()
   |
22 | import Text.Read (readMaybe)
   | ^^^^^^^^^^^^^^^^^^^^^^^^^^^^

/home/takeru/git/EBM-on-Mars/haskell-migration/ebm-mars/src/Verification.hs:42:7: warning: [-Wunused-local-binds]
    Defined but not used: ‘tolerance’
   |
42 |   let tolerance = 1e-10
   |       ^^^^^^^^^

/home/takeru/git/EBM-on-Mars/haskell-migration/ebm-mars/src/Verification.hs:42:7: warning: [-Wname-shadowing]
    This binding for ‘tolerance’ shadows the existing binding
      bound at src/Verification.hs:61:5
   |
42 |   let tolerance = 1e-10
   |       ^^^^^^^^^

/home/takeru/git/EBM-on-Mars/haskell-migration/ebm-mars/src/Verification.hs:42:19: warning: [-Wtype-defaults]
    • Defaulting the type variable ‘a0’ to type ‘Double’ in the following constraint
        Fractional a0 arising from the literal ‘1e-10’
    • In the expression: 1e-10
      In an equation for ‘tolerance’: tolerance = 1e-10
      In the expression:
        let
          tolerance = 1e-10
          checks = concat [...]
          allPassed = null checks
          ....
        in VerificationResult allPassed maxRelErr maxAbsErr failures
   |
42 |   let tolerance = 1e-10
   |                   ^^^^^

/home/takeru/git/EBM-on-Mars/haskell-migration/ebm-mars/src/Verification.hs:85:7: warning: [-Wincomplete-uni-patterns]
    Pattern match(es) are non-exhaustive
    In a pattern binding: Patterns of type ‘[String]’ not matched: []
   |
85 |   let (headerLine:dataLines) = lines content
   |       ^^^^^^^^^^^^^^^^^^^^^^^^^^^^^^^^^^^^^^

/home/takeru/git/EBM-on-Mars/haskell-migration/ebm-mars/src/Verification.hs:95:7: warning: [-Wname-shadowing]
    This binding for ‘season’ shadows the existing binding
      imported from ‘EBM.Types’ at src/Verification.hs:18:1-16
   |
95 |       season = read (parts !! 1)
   |       ^^^^^^

/home/takeru/git/EBM-on-Mars/haskell-migration/ebm-mars/src/Verification.hs:105:16: warning: [-Wname-shadowing]
    This binding for ‘lines’ shadows the existing binding
      imported from ‘Prelude’ at src/Verification.hs:11:8-19
      (and originally defined in ‘base-4.17.2.1:Data.OldList’)
    |
105 | parseDataLines lines =
    |                ^^^^^

/home/takeru/git/EBM-on-Mars/haskell-migration/ebm-mars/src/Verification.hs:127:24: warning: [-Wname-shadowing]
    This binding for ‘season’ shadows the existing binding
      imported from ‘EBM.Types’ at src/Verification.hs:18:1-16
    |
127 | stateFromParsed (loop, season, pAir, pIce, pRego, tSub) (temps, masses, tPosi, mPosi, tNega, mNega) =
    |                        ^^^^^^
[11 of 11] Linking src/Main
Preprocessing executable 'ebm-mars-exe' for ebm-mars-0.1.0.0..
Building executable 'ebm-mars-exe' for ebm-mars-0.1.0.0..
[1 of 2] Compiling Main

/home/takeru/git/EBM-on-Mars/haskell-migration/ebm-mars/app/Main.hs:11:1: warning: [-Wunused-imports]
    The qualified import of ‘Data.Vector.Unboxed’ is redundant
      except perhaps to import instances from ‘Data.Vector.Unboxed’
    To import instances alone, use: import Data.Vector.Unboxed()
   |
11 | import qualified Data.Vector.Unboxed as V
   | ^^^^^^^^^^^^^^^^^^^^^^^^^^^^^^^^^^^^^^^^^

/home/takeru/git/EBM-on-Mars/haskell-migration/ebm-mars/app/Main.hs:12:1: warning: [-Wunused-imports]
    The import of ‘EBM.Config’ is redundant
      except perhaps to import instances from ‘EBM.Config’
    To import instances alone, use: import EBM.Config()
   |
12 | import EBM.Config
   | ^^^^^^^^^^^^^^^^^
[2 of 2] Compiling Paths_ebm_mars
[3 of 3] Linking .stack-work/dist/x86_64-linux/ghc-9.4.8/build/ebm-mars-exe/ebm-mars-exe
ebm-mars> copy/register
Installing library in /home/takeru/git/EBM-on-Mars/haskell-migration/ebm-mars/.stack-work/install/x86_64-linux/adbb68db0091794eff7db37725d73be34e1dd483fcbaa424fe33903096ef0623/9.4.8/lib/x86_64-linux-ghc-9.4.8/ebm-mars-0.1.0.0-IFLZiCVMIDf5NhZtTUzhYS
Installing executable ebm-mars-exe in /home/takeru/git/EBM-on-Mars/haskell-migration/ebm-mars/.stack-work/install/x86_64-linux/adbb68db0091794eff7db37725d73be34e1dd483fcbaa424fe33903096ef0623/9.4.8/bin
Registering library for ebm-mars-0.1.0.0..
