ebm-mars> build (lib + exe) with ghc-9.4.8
Preprocessing library for ebm-mars-0.1.0.0..
Building library for ebm-mars-0.1.0.0..
[ 3 of 11] Compiling EBM.Insolation

/home/takeru/git/EBM-on-Mars/haskell-migration/ebm-mars/src/EBM/Insolation.hs:55:11: warning: [-Wunused-matches]
    Defined but not used: ‘config’
   |
55 | calcDelta config params season =
   |           ^^^^^^

/home/takeru/git/EBM-on-Mars/haskell-migration/ebm-mars/src/EBM/Insolation.hs:55:25: warning: [-Wname-shadowing]
    This binding for ‘season’ shadows the existing binding
      imported from ‘EBM.Types’ at src/EBM/Insolation.hs:18:1-16
   |
55 | calcDelta config params season =
   |                         ^^^^^^

/home/takeru/git/EBM-on-Mars/haskell-migration/ebm-mars/src/EBM/Insolation.hs:99:16: warning: [-Wtype-defaults]
    • Defaulting the type variable ‘a0’ to type ‘Integer’ in the following constraint
        Integral a0 arising from a use of ‘fromIntegral’
    • In the first argument of ‘(*)’, namely
        ‘fromIntegral (floor (x / y))’
      In the second argument of ‘(-)’, namely
        ‘fromIntegral (floor (x / y)) * y’
      In the expression: x - fromIntegral (floor (x / y)) * y
   |
99 | fmod x y = x - fromIntegral (floor (x / y)) * y
   |                ^^^^^^^^^^^^

/home/takeru/git/EBM-on-Mars/haskell-migration/ebm-mars/src/EBM/Insolation.hs:109:7: warning: [-Wunused-local-binds]
    Defined but not used: ‘h’
    |
109 |       h = (unTime (season state) `fmod` unTime (dayLength config)) * 2.0 * pi / unTime (dayLength config) - pi
    |       ^

/home/takeru/git/EBM-on-Mars/haskell-migration/ebm-mars/src/EBM/Insolation.hs:151:47: warning: [-Wtype-defaults]
    • Defaulting the type variable ‘b0’ to type ‘Integer’ in the following constraints
        (Num b0)
          arising from the literal ‘1’ at src/EBM/Insolation.hs:151:47
        (Eq b0)
          arising from the literal ‘1’ at src/EBM/Insolation.hs:165:27
        (Num b0)
          arising from the literal ‘1’ at src/EBM/Insolation.hs:165:27
    • In the expression: 1
      In the expression: (pi - slope0, 1)
      In the expression:
        if slope0 > 0.5 * pi then
            (pi - slope0, 1)
        else
            if slope0 < - 0.5 * pi then (- pi - slope0, 2) else (slope0, 0)
    |
151 |                            then (pi - slope0, 1)
    |                                               ^
[ 4 of 11] Compiling EBM.IO

/home/takeru/git/EBM-on-Mars/haskell-migration/ebm-mars/src/EBM/IO.hs:36:19: error:
    • No instance for (V.Unbox String) arising from a use of ‘V.toList’
    • In the first argument of ‘($)’, namely ‘V.toList’
      In the expression:
        V.toList $ V.imap formatDataLine (temperatures state)
      In an equation for ‘dataLines’:
          dataLines = V.toList $ V.imap formatDataLine (temperatures state)
   |
36 |       dataLines = V.toList $ V.imap formatDataLine (temperatures state)
   |                   ^^^^^^^^
[ 7 of 11] Compiling EBM.Simulation

/home/takeru/git/EBM-on-Mars/haskell-migration/ebm-mars/src/EBM/Simulation.hs:20:1: warning: [-Wunused-imports]
    The import of ‘System.IO’ is redundant
      except perhaps to import instances from ‘System.IO’
    To import instances alone, use: import System.IO()
   |
20 | import System.IO (hPutStrLn, stderr)
   | ^^^^^^^^^^^^^^^^^^^^^^^^^^^^^^^^^^^^

/home/takeru/git/EBM-on-Mars/haskell-migration/ebm-mars/src/EBM/Simulation.hs:25:7: warning: [-Wunused-local-binds]
    Defined but not used: ‘reso’
   |
25 |   let reso = resolution config
   |       ^^^^

/home/takeru/git/EBM-on-Mars/haskell-migration/ebm-mars/src/EBM/Simulation.hs:26:7: warning: [-Wunused-local-binds]
    Defined but not used: ‘yearSec’
   |
26 |       yearSec = unTime $ yearLength config
   |       ^^^^^^^

/home/takeru/git/EBM-on-Mars/haskell-migration/ebm-mars/src/EBM/Simulation.hs:32:7: warning: [-Wtype-defaults]
    • Defaulting the type variable ‘t0’ to type ‘Double’ in the following constraints
        (Eq t0) arising from a use of ‘go’ at src/EBM/Simulation.hs:32:7-8
        (Fractional t0)
          arising from a use of ‘go’ at src/EBM/Simulation.hs:32:7-8
    • In the expression:
        go initialState initLastT initLastTPosi initLastTNega 0 0.0
      In the expression:
        let
          reso = resolution config
          yearSec = unTime $ yearLength config
          initLastT = temperatures initialState
          ....
        in go initialState initLastT initLastTPosi initLastTNega 0 0.0
      In an equation for ‘equilibrium’:
          equilibrium config params initialState
            = let
                reso = resolution config
                yearSec = unTime $ yearLength config
                ....
              in go initialState initLastT initLastTPosi initLastTNega 0 0.0
            where
                go state lastT lastTPosi lastTNega loop loopEnd
                  | bugFlag state /= 0.0 = state
                  | loopEnd /= 0.0 = state {loopCount = loop}
                  | loop >= 1 = state {loopCount = loop}
                  | otherwise
                  = let ...
                    in go stateAfterYear temps tempsPosi tempsNega (loop + 1) converged
                runOneYear ::
                  SimulationConfig
                  -> PlanetParams -> ClimateState -> Double -> ClimateState
                runOneYear config params state targetSeason
                  = if unTime (season state) >= targetSeason
                         || bugFlag state /= 0.0 then
                        state
                    else
                        let ... in runOneYear config params newState targetSeason
   |
32 |    in go initialState initLastT initLastTPosi initLastTNega 0 0.0
   |       ^^

/home/takeru/git/EBM-on-Mars/haskell-migration/ebm-mars/src/EBM/Simulation.hs:46:15: warning: [-Wunused-local-binds]
    Defined but not used: ‘reso’
   |
46 |               reso = resolution config
   |               ^^^^

/home/takeru/git/EBM-on-Mars/haskell-migration/ebm-mars/src/EBM/Simulation.hs:64:16: warning: [-Wname-shadowing]
    This binding for ‘config’ shadows the existing binding
      bound at src/EBM/Simulation.hs:24:13
   |
64 |     runOneYear config params state targetSeason =
   |                ^^^^^^

/home/takeru/git/EBM-on-Mars/haskell-migration/ebm-mars/src/EBM/Simulation.hs:64:23: warning: [-Wname-shadowing]
    This binding for ‘params’ shadows the existing binding
      bound at src/EBM/Simulation.hs:24:20
   |
64 |     runOneYear config params state targetSeason =
   |                       ^^^^^^

/home/takeru/git/EBM-on-Mars/haskell-migration/ebm-mars/src/EBM/Simulation.hs:75:7: warning: [-Wunused-local-binds]
    Defined but not used: ‘reso’
   |
75 |   let reso = resolution config
   |       ^^^^
[10 of 11] Compiling Verification

/home/takeru/git/EBM-on-Mars/haskell-migration/ebm-mars/src/Verification.hs:96:13: error:
    • Couldn't match expected type ‘Double’ with actual type ‘Int’
    • In the expression: season
      In the expression: (loop, season, pAir, pIce, pRego, tSub)
      In the expression:
        let
          parts
            = map (drop 1 . dropWhile (/= ':')) $ words $ map (\ c -> ...) line
          [loop, season, pAir, pIce, pRego, tSub] = map read parts
        in (loop, season, pAir, pIce, pRego, tSub)
   |
96 |   in (loop, season, pAir, pIce, pRego, tSub)
   |             ^^^^^^

/home/takeru/git/EBM-on-Mars/haskell-migration/ebm-mars/src/Verification.hs:96:21: error:
    • Couldn't match expected type ‘Double’ with actual type ‘Int’
    • In the expression: pAir
      In the expression: (loop, season, pAir, pIce, pRego, tSub)
      In the expression:
        let
          parts
            = map (drop 1 . dropWhile (/= ':')) $ words $ map (\ c -> ...) line
          [loop, season, pAir, pIce, pRego, tSub] = map read parts
        in (loop, season, pAir, pIce, pRego, tSub)
   |
96 |   in (loop, season, pAir, pIce, pRego, tSub)
   |                     ^^^^

/home/takeru/git/EBM-on-Mars/haskell-migration/ebm-mars/src/Verification.hs:96:27: error:
    • Couldn't match expected type ‘Double’ with actual type ‘Int’
    • In the expression: pIce
      In the expression: (loop, season, pAir, pIce, pRego, tSub)
      In the expression:
        let
          parts
            = map (drop 1 . dropWhile (/= ':')) $ words $ map (\ c -> ...) line
          [loop, season, pAir, pIce, pRego, tSub] = map read parts
        in (loop, season, pAir, pIce, pRego, tSub)
   |
96 |   in (loop, season, pAir, pIce, pRego, tSub)
   |                           ^^^^

/home/takeru/git/EBM-on-Mars/haskell-migration/ebm-mars/src/Verification.hs:96:33: error:
    • Couldn't match expected type ‘Double’ with actual type ‘Int’
    • In the expression: pRego
      In the expression: (loop, season, pAir, pIce, pRego, tSub)
      In the expression:
        let
          parts
            = map (drop 1 . dropWhile (/= ':')) $ words $ map (\ c -> ...) line
          [loop, season, pAir, pIce, pRego, tSub] = map read parts
        in (loop, season, pAir, pIce, pRego, tSub)
   |
96 |   in (loop, season, pAir, pIce, pRego, tSub)
   |                                 ^^^^^

/home/takeru/git/EBM-on-Mars/haskell-migration/ebm-mars/src/Verification.hs:96:40: error:
    • Couldn't match expected type ‘Double’ with actual type ‘Int’
    • In the expression: tSub
      In the expression: (loop, season, pAir, pIce, pRego, tSub)
      In the expression:
        let
          parts
            = map (drop 1 . dropWhile (/= ':')) $ words $ map (\ c -> ...) line
          [loop, season, pAir, pIce, pRego, tSub] = map read parts
        in (loop, season, pAir, pIce, pRego, tSub)
   |
96 |   in (loop, season, pAir, pIce, pRego, tSub)
   |                                        ^^^^

/home/takeru/git/EBM-on-Mars/haskell-migration/ebm-mars/src/Verification.hs:115:45: error:
    • Couldn't match expected type ‘Double’ with actual type ‘Int’
    • In the expression: t
      In the expression: (i, t, m, tp, mp, tn, mn)
      In a case alternative:
          [i, t, m, tp, mp, tn, mn] -> (i, t, m, tp, mp, tn, mn)
    |
115 |            [i, t, m, tp, mp, tn, mn] -> (i, t, m, tp, mp, tn, mn)
    |                                             ^

/home/takeru/git/EBM-on-Mars/haskell-migration/ebm-mars/src/Verification.hs:115:48: error:
    • Couldn't match expected type ‘Double’ with actual type ‘Int’
    • In the expression: m
      In the expression: (i, t, m, tp, mp, tn, mn)
      In a case alternative:
          [i, t, m, tp, mp, tn, mn] -> (i, t, m, tp, mp, tn, mn)
    |
115 |            [i, t, m, tp, mp, tn, mn] -> (i, t, m, tp, mp, tn, mn)
    |                                                ^

/home/takeru/git/EBM-on-Mars/haskell-migration/ebm-mars/src/Verification.hs:115:51: error:
    • Couldn't match expected type ‘Double’ with actual type ‘Int’
    • In the expression: tp
      In the expression: (i, t, m, tp, mp, tn, mn)
      In a case alternative:
          [i, t, m, tp, mp, tn, mn] -> (i, t, m, tp, mp, tn, mn)
    |
115 |            [i, t, m, tp, mp, tn, mn] -> (i, t, m, tp, mp, tn, mn)
    |                                                   ^^

/home/takeru/git/EBM-on-Mars/haskell-migration/ebm-mars/src/Verification.hs:115:55: error:
    • Couldn't match expected type ‘Double’ with actual type ‘Int’
    • In the expression: mp
      In the expression: (i, t, m, tp, mp, tn, mn)
      In a case alternative:
          [i, t, m, tp, mp, tn, mn] -> (i, t, m, tp, mp, tn, mn)
    |
115 |            [i, t, m, tp, mp, tn, mn] -> (i, t, m, tp, mp, tn, mn)
    |                                                       ^^

/home/takeru/git/EBM-on-Mars/haskell-migration/ebm-mars/src/Verification.hs:115:59: error:
    • Couldn't match expected type ‘Double’ with actual type ‘Int’
    • In the expression: tn
      In the expression: (i, t, m, tp, mp, tn, mn)
      In a case alternative:
          [i, t, m, tp, mp, tn, mn] -> (i, t, m, tp, mp, tn, mn)
    |
115 |            [i, t, m, tp, mp, tn, mn] -> (i, t, m, tp, mp, tn, mn)
    |                                                           ^^

/home/takeru/git/EBM-on-Mars/haskell-migration/ebm-mars/src/Verification.hs:115:63: error:
    • Couldn't match expected type ‘Double’ with actual type ‘Int’
    • In the expression: mn
      In the expression: (i, t, m, tp, mp, tn, mn)
      In a case alternative:
          [i, t, m, tp, mp, tn, mn] -> (i, t, m, tp, mp, tn, mn)
    |
115 |            [i, t, m, tp, mp, tn, mn] -> (i, t, m, tp, mp, tn, mn)
    |                                                               ^^

Error: [S-7282]
       Stack failed to execute the build plan.
       
       While executing the build plan, Stack encountered the error:
       
       [S-7011]
       While building package ebm-mars-0.1.0.0 (scroll up to its section to see the error) using:
       /home/takeru/.stack/setup-exe-cache/x86_64-linux/Cabal-simple_w2MFVN35_3.8.1.0_ghc-9.4.8 --verbose=1 --builddir=.stack-work/dist/x86_64-linux/ghc-9.4.8 build lib:ebm-mars exe:ebm-mars-exe --ghc-options ""
       Process exited with code: ExitFailure 1 
