Starting Haskell Verification Sweep (80 cases)...
Testing p0.001_o0.0_a0.0...PASS
Testing p0.001_o0.0_a10.0...PASS
Testing p0.001_o0.0_a30.0...PASS
Testing p0.001_o0.0_a45.0...PASS
Testing p0.001_o25.0_a0.0...PASS
Testing p0.001_o25.0_a10.0...PASS
Testing p0.001_o25.0_a30.0...PASS
Testing p0.001_o25.0_a45.0...PASS
Testing p0.001_o45.0_a0.0...PASS
Testing p0.001_o45.0_a10.0...PASS
Testing p0.001_o45.0_a30.0...PASS
Testing p0.001_o45.0_a45.0...PASS
Testing p0.001_o90.0_a0.0...PASS
Testing p0.001_o90.0_a10.0...PASS
Testing p0.001_o90.0_a30.0...PASS
Testing p0.001_o90.0_a45.0...PASS
Testing p0.007_o0.0_a0.0...PASS
Testing p0.007_o0.0_a10.0...PASS
Testing p0.007_o0.0_a30.0...PASS
Testing p0.007_o0.0_a45.0...PASS
Testing p0.007_o25.0_a0.0...PASS
Testing p0.007_o25.0_a10.0...PASS
Testing p0.007_o25.0_a30.0...PASS
Testing p0.007_o25.0_a45.0...PASS
Testing p0.007_o45.0_a0.0...PASS
Testing p0.007_o45.0_a10.0...PASS
Testing p0.007_o45.0_a30.0...PASS
Testing p0.007_o45.0_a45.0...PASS
Testing p0.007_o90.0_a0.0...PASS
Testing p0.007_o90.0_a10.0...PASS
Testing p0.007_o90.0_a30.0...PASS
Testing p0.007_o90.0_a45.0...PASS
Testing p0.1_o0.0_a0.0...PASS
Testing p0.1_o0.0_a10.0...PASS
Testing p0.1_o0.0_a30.0...PASS
Testing p0.1_o0.0_a45.0...PASS
Testing p0.1_o25.0_a0.0...PASS
Testing p0.1_o25.0_a10.0...PASS
Testing p0.1_o25.0_a30.0...PASS
Testing p0.1_o25.0_a45.0...PASS
Testing p0.1_o45.0_a0.0...PASS
Testing p0.1_o45.0_a10.0...PASS
Testing p0.1_o45.0_a30.0...PASS
Testing p0.1_o45.0_a45.0...PASS
Testing p0.1_o90.0_a0.0...PASS
Testing p0.1_o90.0_a10.0...PASS
Testing p0.1_o90.0_a30.0...PASS
Testing p0.1_o90.0_a45.0...PASS
Testing p1.0_o0.0_a0.0...PASS
Testing p1.0_o0.0_a10.0...PASS
Testing p1.0_o0.0_a30.0...PASS
Testing p1.0_o0.0_a45.0...PASS
Testing p1.0_o25.0_a0.0...PASS
Testing p1.0_o25.0_a10.0...PASS
Testing p1.0_o25.0_a30.0...PASS
Testing p1.0_o25.0_a45.0...PASS
Testing p1.0_o45.0_a0.0...PASS
Testing p1.0_o45.0_a10.0...PASS
Testing p1.0_o45.0_a30.0...PASS
Testing p1.0_o45.0_a45.0...PASS
Testing p1.0_o90.0_a0.0...PASS
Testing p1.0_o90.0_a10.0...PASS
Testing p1.0_o90.0_a30.0...PASS
Testing p1.0_o90.0_a45.0...PASS
Testing p5.0_o0.0_a0.0...PASS
Testing p5.0_o0.0_a10.0...PASS
Testing p5.0_o0.0_a30.0...PASS
Testing p5.0_o0.0_a45.0...PASS
Testing p5.0_o25.0_a0.0...PASS
Testing p5.0_o25.0_a10.0...PASS
Testing p5.0_o25.0_a30.0...PASS
Testing p5.0_o25.0_a45.0...PASS
Testing p5.0_o45.0_a0.0...PASS
Testing p5.0_o45.0_a10.0...PASS
Testing p5.0_o45.0_a30.0...PASS
Testing p5.0_o45.0_a45.0...PASS
Testing p5.0_o90.0_a0.0...PASS
Testing p5.0_o90.0_a10.0...PASS
Testing p5.0_o90.0_a30.0...PASS
Testing p5.0_o90.0_a45.0...PASS
------------------------------
PASSED: 80/80
FAILED: 0/80
VERIFICATION SUCCESSFUL: Haskell port matches C modular with high precision.
